{"message":"your problem has been resolved","level":"info","timestamp":"2020-09-01T18:56:10.471Z"}
{"message":"your problem has been rejected","level":"info","timestamp":"2020-09-01T18:56:50.954Z"}
{"message":"your problem has been rejected","level":"error","timestamp":"2020-09-02T08:08:27.524Z"}
{"message":"inside file","level":"info","timestamp":"2020-09-02T08:09:40.773Z"}
{"message":"your problem has been rejected","level":"error","timestamp":"2020-09-02T08:09:40.829Z"}
{"message":"inside file","level":"error","timestamp":"2020-09-02T08:11:30.377Z"}
{"message":"your problem has been rejected","level":"error","timestamp":"2020-09-02T08:11:30.397Z"}
{"message":"your problem has been resolved","level":"info","timestamp":"2020-09-02T08:11:49.860Z"}
{"message":"inside file","level":"info","timestamp":"2020-09-02T08:15:48.589Z"}
{"message":"your problem has been rejected","level":"error","timestamp":"2020-09-02T08:15:48.595Z"}
{"message":"inside file","level":"info","timestamp":"2020-09-02T08:18:29.823Z"}
{"message":"your problem has been rejected","level":"error","timestamp":"2020-09-02T08:18:29.836Z"}
{"message":"inside file","level":"info","timestamp":"2020-09-02T08:18:46.746Z"}
{"message":"your problem has been rejected","level":"error","timestamp":"2020-09-02T08:18:46.753Z"}
{"message":"inside file","level":"info","timestamp":"2020-09-02T08:22:44.916Z"}
{"message":"your problem has been rejected","level":"error","timestamp":"2020-09-02T08:22:44.921Z"}
{"message":"inside file","level":"info","timestamp":"2020-09-02T08:23:54.251Z"}
{"message":"inside file","level":"info","timestamp":"2020-09-02T08:26:19.892Z"}
{"message":"inside file","level":"info","timestamp":"2020-09-02T08:27:08.985Z"}
{"message":"your problem has been resolved","level":"info","timestamp":"2020-09-02T08:27:44.043Z"}
{"message":"your problem has been resolved","level":"info","timestamp":"2020-09-02T08:28:09.677Z"}
{"message":"before function call","level":"info","timestamp":"2020-09-02T08:29:18.968Z"}
{"message":"your problem has been resolved","level":"info","timestamp":"2020-09-02T08:29:21.976Z"}
{"message":"before function call","level":"info","timestamp":"2020-09-02T08:31:39.582Z"}
{"message":"your problem has been resolved","level":"info","timestamp":"2020-09-02T08:31:42.586Z"}
{"message":"before function call","level":"info","timestamp":"2020-09-02T08:32:47.557Z"}
{"message":"your problem has been rejected","level":"error","timestamp":"2020-09-02T08:32:50.571Z"}
{"message":"before function call","level":"info","timestamp":"2020-09-02T08:33:13.766Z"}
{"message":"your problem has been rejected","level":"error","timestamp":"2020-09-02T08:33:16.774Z"}
{"message":"before function call","level":"info","timestamp":"2020-09-02T08:37:57.976Z"}
{"message":"after function call","level":"info","timestamp":"2020-09-02T08:37:57.978Z"}
{"message":"your problem has been rejected","level":"error","timestamp":"2020-09-02T08:38:00.980Z"}
{"message":6,"level":"info","timestamp":"2020-09-02T08:50:40.613Z"}
